<?xml version="1.0" encoding="UTF-8"?>
<!-- Generated by org.testng.reporters.JUnitReportReporter -->
<testsuite hostname="Srinivasulu" failures="0" tests="3" name="com.canadaproject.qa.testcases.LoginPageTest" time="73.854" errors="0" timestamp="2023-04-07T08:33:56 IST" skipped="0">
  <testcase classname="com.canadaproject.qa.testcases.LoginPageTest" name="validateLoginPageTitle" time="28.147"/>
  <system-out/>
  <testcase classname="com.canadaproject.qa.testcases.LoginPageTest" name="validateLoginPageLogo" time="14.869"/>
  <system-out/>
  <testcase classname="com.canadaproject.qa.testcases.LoginPageTest" name="logintoApp" time="30.838"/>
  <system-out/>
</testsuite> <!-- com.canadaproject.qa.testcases.LoginPageTest -->
