<?xml version="1.0" encoding="UTF-8"?>
<!-- Generated by org.testng.reporters.JUnitReportReporter -->
<testsuite hostname="Srinivasulu" failures="0" tests="3" name="com.canadaproject.qa.testcases.HomePageTest" time="57.518" errors="0" timestamp="2023-04-07T08:33:56 IST" skipped="0">
  <testcase classname="com.canadaproject.qa.testcases.HomePageTest" name="validateHomePageTitle" time="24.946"/>
  <system-out/>
  <testcase classname="com.canadaproject.qa.testcases.HomePageTest" name="vaidateHomePageLogo" time="17.563"/>
  <system-out/>
  <testcase classname="com.canadaproject.qa.testcases.HomePageTest" name="navigateToDeleteCustomerPage" time="15.009"/>
  <system-out/>
</testsuite> <!-- com.canadaproject.qa.testcases.HomePageTest -->
